TipSplitCalc/app/build/outputs/apk/manifest-merger-debug-report.txt
-- Merging decision tree log ---
manifest
ADDED from AndroidManifest.xml:2:1
	xmlns:android
		ADDED from AndroidManifest.xml:2:11
	package
		ADDED from AndroidManifest.xml:3:5
		INJECTED from AndroidManifest.xml:0:0
		INJECTED from AndroidManifest.xml:0:0
	android:versionName
		ADDED from AndroidManifest.xml:5:5
	android:versionCode
		ADDED from AndroidManifest.xml:4:5
		INJECTED from AndroidManifest.xml:0:0
		INJECTED from AndroidManifest.xml:0:0
uses-sdk
ADDED from AndroidManifest.xml:7:5
	android:targetSdkVersion
		ADDED from AndroidManifest.xml:9:9
		INJECTED from AndroidManifest.xml:0:0
		INJECTED from AndroidManifest.xml:0:0
	android:minSdkVersion
		ADDED from AndroidManifest.xml:8:9
		INJECTED from AndroidManifest.xml:0:0
		INJECTED from AndroidManifest.xml:0:0
uses-permission#android.permission.WRITE_EXTERNAL_STORAGE
ADDED from AndroidManifest.xml:10:1
	android:name
		ADDED from AndroidManifest.xml:10:18
application
ADDED from AndroidManifest.xml:11:1
	android:label
		ADDED from AndroidManifest.xml:14:5
	android:allowBackup
		ADDED from AndroidManifest.xml:12:5
	android:icon
		ADDED from AndroidManifest.xml:13:5
	android:theme
		ADDED from AndroidManifest.xml:15:5
activity#com.tools.tipsplitcalc.MainActivity
ADDED from AndroidManifest.xml:16:5
	android:label
		ADDED from AndroidManifest.xml:16:96
	android:name
		ADDED from AndroidManifest.xml:16:15
	android:launchMode
		ADDED from AndroidManifest.xml:16:66
intent-filter#android.intent.action.MAIN+android.intent.category.LAUNCHER
ADDED from AndroidManifest.xml:17:9
action#android.intent.action.MAIN
ADDED from AndroidManifest.xml:18:13
	android:name
		ADDED from AndroidManifest.xml:18:21
category#android.intent.category.LAUNCHER
ADDED from AndroidManifest.xml:19:13
	android:name
		ADDED from AndroidManifest.xml:19:23
activity#com.tools.tipsplitcalc.FragmentActivity
ADDED from AndroidManifest.xml:22:5
	android:name
		ADDED from AndroidManifest.xml:22:15